C51 COMPILER V9.52.0.0   KEY                                                               02/21/2012 17:16:14 PAGE 1   


C51 COMPILER V9.52.0.0, COMPILATION OF MODULE KEY
OBJECT MODULE PLACED IN .\Objects\key.obj
COMPILER INVOKED BY: C:\Keil_v5\C51\BIN\C51.EXE key\key.c LARGE BROWSE INCDIR(.\blueteeth;.\delay;.\main;.\mp3;.\serial;
                    -.\voice;.\key;.\ds3231) DEBUG OBJECTEXTEND PRINT(.\Listings\key.lst) OBJECT(.\Objects\key.obj)

line level    source

   1          #include"key.h"
   2          void Scankey()
   3          {
   4   1              if(Key_1 == 0)
   5   1              {
   6   2                      delay10ms();
   7   2                      if(Key_1 == 0)
   8   2                      {
   9   3                              mode++;
  10   3                              if(mode > 1) 
  11   3                                      mode = 0;       
  12   3                      }
  13   2                      while(!Key_1);  
  14   2                      if(mode==0)
  15   2                      {
  16   3                              Uart_SendCMD(0x0f,0x00,0x02,0x23);/*现在为循环模式*/ 
  17   3                              delay800ms();
  18   3                              while(!busy);
  19   3                      }
  20   2                      if(mode==1)
  21   2                      {
  22   3                              Uart_SendCMD(0x0f,0x00,0x02,0x24);/*现在为口令模式*/ 
  23   3                              delay800ms();
  24   3                              while(!busy);
  25   3                      }
  26   2                      flag = 0;
  27   2                      Uart_SendYuYin(0xaa,0x00,0x00);//开始识别
  28   2              }
  29   1              
  30   1              if(Key_2 == 0)
  31   1              {
  32   2                      delay10ms();
  33   2                      if(Key_2 == 0)
  34   2                      {
  35   3                              mode = 2;
  36   3                      }
  37   2                      while(!Key_1);  
  38   2                      Uart_SendCMD(0x0f,0x00,0x01,0xa8);/*现在时间是*/ 
  39   2                      delay800ms();
  40   2                      
  41   2                      while(!busy); 
  42   2              }
  43   1                      
  44   1      }
  45                                  
  46                                  
  47                                  
  48                                  
  49                  


MODULE INFORMATION:   STATIC OVERLAYABLE
   CODE SIZE        =    133    ----
   CONSTANT SIZE    =   ----    ----
C51 COMPILER V9.52.0.0   KEY                                                               02/21/2012 17:16:14 PAGE 2   

   XDATA SIZE       =     20    ----
   PDATA SIZE       =   ----    ----
   DATA SIZE        =   ----    ----
   IDATA SIZE       =   ----    ----
   BIT SIZE         =   ----    ----
END OF MODULE INFORMATION.


C51 COMPILATION COMPLETE.  0 WARNING(S),  0 ERROR(S)
